
МиБ Mem :   1987,6 total,   1440,2 free,    332,8 used,    214,6 buff/cache
МиБ Swap:   1232,4 total,    578,7 free,    653,6 used.   1501,0 avail Mem 
    PID USER      PR  NI    VIRT    RES    SHR S  %CPU  %MEM     TIME+ COMMAND
  65172 dmitri    20   0   40256  34364   3204 R 100,0   1,7   0:00.47 bash

  65172 dmitri    20   0   50288  44396   3204 R 100,0   2,2   0:00.64 bash
  61909 dmitri    20   0  528156  27028  10164 S   6,2   1,3   0:11.05 Xorg
  62148 dmitri    20   0  499148   7360   5144 S   6,2   0,4   0:00.38 xdg-de+
  62184 dmitri    20   0 4077812 105592  44512 S   6,2   5,2   0:33.59 gnome-+
      1 root      20   0  168840   3600   2696 S   0,0   0,2   0:08.56 systemd
--------------------------------
МиБ Mem :   1987,6 total,   1342,3 free,    430,8 used,    214,6 buff/cache
МиБ Swap:   1232,4 total,    578,7 free,    653,6 used.   1403,0 avail Mem 
    PID USER      PR  NI    VIRT    RES    SHR S  %CPU  %MEM     TIME+ COMMAND
  65172 dmitri    20   0  140312 134152   3208 R 100,0   6,6   0:02.11 bash

  65172 dmitri    20   0  151268 145240   3208 R 100,0   7,1   0:02.27 bash
  64348 dmitri    20   0 1068224  37868  22528 S   6,7   1,9   0:06.99 nautil+
      1 root      20   0  168840   3600   2696 S   0,0   0,2   0:08.56 systemd
      2 root      20   0       0      0      0 S   0,0   0,0   0:00.01 kthrea+
      3 root       0 -20       0      0      0 I   0,0   0,0   0:00.00 rcu_gp
--------------------------------
МиБ Mem :   1987,6 total,   1241,9 free,    531,2 used,    214,6 buff/cache
МиБ Swap:   1232,4 total,    578,7 free,    653,6 used.   1302,6 avail Mem 
    PID USER      PR  NI    VIRT    RES    SHR S  %CPU  %MEM     TIME+ COMMAND
  65172 dmitri    20   0  241556 235528   3208 R 100,0  11,6   0:03.77 bash

  65172 dmitri    20   0  251720 245560   3208 R 100,0  12,1   0:03.94 bash
  64348 dmitri    20   0 1068224  37868  22528 S   6,7   1,9   0:07.02 nautil+
      1 root      20   0  168840   3600   2696 S   0,0   0,2   0:08.56 systemd
      2 root      20   0       0      0      0 S   0,0   0,0   0:00.01 kthrea+
      3 root       0 -20       0      0      0 I   0,0   0,0   0:00.00 rcu_gp
--------------------------------
МиБ Mem :   1987,6 total,   1148,3 free,    624,7 used,    214,6 buff/cache
МиБ Swap:   1232,4 total,    578,7 free,    653,6 used.   1209,1 avail Mem 
    PID USER      PR  NI    VIRT    RES    SHR S  %CPU  %MEM     TIME+ COMMAND
  65172 dmitri    20   0  337652 331624   3208 R 100,0  16,3   0:05.43 bash

  65172 dmitri    20   0  348080 341920   3208 R  93,8  16,8   0:05.59 bash
  64348 dmitri    20   0 1068224  37868  22528 S   6,2   1,9   0:07.04 nautil+
      1 root      20   0  168840   3600   2696 S   0,0   0,2   0:08.56 systemd
      2 root      20   0       0      0      0 S   0,0   0,0   0:00.01 kthrea+
      3 root       0 -20       0      0      0 I   0,0   0,0   0:00.00 rcu_gp
--------------------------------
МиБ Mem :   1987,6 total,   1053,1 free,    719,9 used,    214,6 buff/cache
МиБ Swap:   1232,4 total,    578,7 free,    653,6 used.   1113,9 avail Mem 
    PID USER      PR  NI    VIRT    RES    SHR S  %CPU  %MEM     TIME+ COMMAND
  65172 dmitri    20   0  434540 428512   3208 R 100,0  21,1   0:07.08 bash

  65172 dmitri    20   0  443780 437752   3208 R  87,5  21,5   0:07.24 bash
  61909 dmitri    20   0  528156  27028  10164 S   6,2   1,3   0:11.09 Xorg
  62184 dmitri    20   0 4077812 105620  44512 S   6,2   5,2   0:33.67 gnome-+
  64348 dmitri    20   0 1068224  37868  22528 S   6,2   1,9   0:07.07 nautil+
      1 root      20   0  168840   3600   2696 S   0,0   0,2   0:08.56 systemd
--------------------------------
МиБ Mem :   1987,6 total,    957,1 free,    815,9 used,    214,6 buff/cache
МиБ Swap:   1232,4 total,    578,7 free,    653,6 used.   1017,9 avail Mem 
    PID USER      PR  NI    VIRT    RES    SHR S  %CPU  %MEM     TIME+ COMMAND
  65172 dmitri    20   0  532880 526984   3208 R 100,0  25,9   0:08.72 bash

  65172 dmitri    20   0  542384 536224   3208 R 100,0  26,3   0:08.88 bash
  58800 root      20   0       0      0      0 I   6,7   0,0   0:02.35 kworke+
  64348 dmitri    20   0 1068224  37868  22528 S   6,7   1,9   0:07.09 nautil+
      1 root      20   0  168840   3600   2696 S   0,0   0,2   0:08.56 systemd
      2 root      20   0       0      0      0 S   0,0   0,0   0:00.01 kthrea+
--------------------------------
МиБ Mem :   1987,6 total,    868,8 free,    904,2 used,    214,6 buff/cache
МиБ Swap:   1232,4 total,    578,7 free,    653,6 used.    929,6 avail Mem 
    PID USER      PR  NI    VIRT    RES    SHR S  %CPU  %MEM     TIME+ COMMAND
  65172 dmitri    20   0  623432 617272   3208 R 100,0  30,3   0:10.38 bash

  65172 dmitri    20   0  633728 627832   3208 R  93,8  30,8   0:10.54 bash
  64348 dmitri    20   0 1068224  37868  22528 S   6,2   1,9   0:07.13 nautil+
      1 root      20   0  168840   3600   2696 S   0,0   0,2   0:08.56 systemd
      2 root      20   0       0      0      0 S   0,0   0,0   0:00.01 kthrea+
      3 root       0 -20       0      0      0 I   0,0   0,0   0:00.00 rcu_gp
--------------------------------
МиБ Mem :   1987,6 total,    778,9 free,    994,1 used,    214,6 buff/cache
МиБ Swap:   1232,4 total,    578,7 free,    653,6 used.    839,8 avail Mem 
    PID USER      PR  NI    VIRT    RES    SHR S  %CPU  %MEM     TIME+ COMMAND
  65172 dmitri    20   0  713192 707032   3208 R 100,0  34,7   0:12.03 bash

  65172 dmitri    20   0  721772 715744   3208 R 100,0  35,2   0:12.20 bash
  61403 root      20   0       0      0      0 I   6,2   0,0   0:00.55 kworke+
  64348 dmitri    20   0 1068356  37868  22528 S   6,2   1,9   0:07.17 nautil+
      1 root      20   0  168840   3600   2696 S   0,0   0,2   0:08.56 systemd
      2 root      20   0       0      0      0 S   0,0   0,0   0:00.01 kthrea+
--------------------------------
МиБ Mem :   1987,6 total,    699,0 free,   1074,1 used,    214,6 buff/cache
МиБ Swap:   1232,4 total,    578,7 free,    653,6 used.    759,8 avail Mem 
    PID USER      PR  NI    VIRT    RES    SHR S  %CPU  %MEM     TIME+ COMMAND
  65172 dmitri    20   0  795428 789400   3208 R 100,0  38,8   0:13.71 bash

  65172 dmitri    20   0  804932 798904   3208 R  93,8  39,3   0:13.87 bash
  64348 dmitri    20   0 1068356  38104  22528 S   6,2   1,9   0:07.19 nautil+
      1 root      20   0  168840   3600   2696 S   0,0   0,2   0:08.56 systemd
      2 root      20   0       0      0      0 S   0,0   0,0   0:00.01 kthrea+
      3 root       0 -20       0      0      0 I   0,0   0,0   0:00.00 rcu_gp
--------------------------------
МиБ Mem :   1987,6 total,    613,6 free,   1159,5 used,    214,6 buff/cache
МиБ Swap:   1232,4 total,    578,7 free,    653,6 used.    674,4 avail Mem 
    PID USER      PR  NI    VIRT    RES    SHR S  %CPU  %MEM     TIME+ COMMAND
  65172 dmitri    20   0  881888 875728   3208 R 100,0  43,0   0:15.37 bash

  65172 dmitri    20   0  891392 885232   3208 R  93,8  43,5   0:15.53 bash
      1 root      20   0  168840   3600   2696 S   0,0   0,2   0:08.56 systemd
      2 root      20   0       0      0      0 S   0,0   0,0   0:00.01 kthrea+
      3 root       0 -20       0      0      0 I   0,0   0,0   0:00.00 rcu_gp
      4 root       0 -20       0      0      0 I   0,0   0,0   0:00.00 rcu_pa+
--------------------------------
МиБ Mem :   1987,6 total,    522,8 free,   1250,2 used,    214,6 buff/cache
МиБ Swap:   1232,4 total,    578,7 free,    653,6 used.    583,6 avail Mem 
    PID USER      PR  NI    VIRT    RES    SHR S  %CPU  %MEM     TIME+ COMMAND
  65172 dmitri    20   0  975212 969184   3208 R 100,0  47,6   0:17.03 bash

  65172 dmitri    20   0  984584 978688   3208 R 100,0  48,1   0:17.20 bash
  64348 dmitri    20   0 1068356  38104  22528 S   6,7   1,9   0:07.25 nautil+
      1 root      20   0  168840   3600   2696 S   0,0   0,2   0:08.56 systemd
      2 root      20   0       0      0      0 S   0,0   0,0   0:00.01 kthrea+
      3 root       0 -20       0      0      0 I   0,0   0,0   0:00.00 rcu_gp
--------------------------------
МиБ Mem :   1987,6 total,    427,5 free,   1345,5 used,    214,6 buff/cache
МиБ Swap:   1232,4 total,    578,7 free,    653,6 used.    488,4 avail Mem 
    PID USER      PR  NI    VIRT    RES    SHR S  %CPU  %MEM     TIME+ COMMAND
  65172 dmitri    20   0 1073024   1,0g   3208 R  93,8  52,4   0:18.69 bash

  65172 dmitri    20   0 1082924   1,0g   3208 R 100,0  52,9   0:18.86 bash
  62184 dmitri    20   0 4077812 105688  44516 S   6,7   5,2   0:33.75 gnome-+
  64348 dmitri    20   0 1068488  38104  22528 S   6,7   1,9   0:07.28 nautil+
      1 root      20   0  168840   3600   2696 S   0,0   0,2   0:08.56 systemd
      2 root      20   0       0      0      0 S   0,0   0,0   0:00.01 kthrea+
--------------------------------
МиБ Mem :   1987,6 total,    331,1 free,   1441,4 used,    215,1 buff/cache
МиБ Swap:   1232,4 total,    579,0 free,    653,4 used.    392,4 avail Mem 
    PID USER      PR  NI    VIRT    RES    SHR S  %CPU  %MEM     TIME+ COMMAND
  65172 dmitri    20   0 1170572   1,1g   3208 R 100,0  57,2   0:20.34 bash

  65172 dmitri    20   0 1180208   1,1g   3208 R 100,0  57,7   0:20.51 bash
  62184 dmitri    20   0 4077812 105688  44516 S   6,2   5,2   0:33.76 gnome-+
      1 root      20   0  168840   3600   2696 S   0,0   0,2   0:08.56 systemd
      2 root      20   0       0      0      0 S   0,0   0,0   0:00.01 kthrea+
      3 root       0 -20       0      0      0 I   0,0   0,0   0:00.00 rcu_gp
--------------------------------
МиБ Mem :   1987,6 total,    236,3 free,   1536,2 used,    215,1 buff/cache
МиБ Swap:   1232,4 total,    579,0 free,    653,4 used.    297,7 avail Mem 
    PID USER      PR  NI    VIRT    RES    SHR S  %CPU  %MEM     TIME+ COMMAND
  65172 dmitri    20   0 1267328   1,2g   3208 R  93,8  62,0   0:22.00 bash

  65172 dmitri    20   0 1277360   1,2g   3208 R 100,0  62,5   0:22.17 bash
  64348 dmitri    20   0 1068488  38104  22528 S   6,7   1,9   0:07.33 nautil+
      1 root      20   0  168840   3600   2696 S   0,0   0,2   0:08.56 systemd
      2 root      20   0       0      0      0 S   0,0   0,0   0:00.01 kthrea+
      3 root       0 -20       0      0      0 I   0,0   0,0   0:00.00 rcu_gp
--------------------------------
МиБ Mem :   1987,6 total,    138,4 free,   1634,1 used,    215,2 buff/cache
МиБ Swap:   1232,4 total,    579,0 free,    653,4 used.    199,8 avail Mem 
    PID USER      PR  NI    VIRT    RES    SHR S  %CPU  %MEM     TIME+ COMMAND
  65172 dmitri    20   0 1368572   1,3g   3208 R 100,0  66,9   0:23.66 bash

  65172 dmitri    20   0 1379132   1,3g   3208 R  93,8  67,5   0:23.82 bash
      1 root      20   0  168840   3600   2696 S   0,0   0,2   0:08.56 systemd
      2 root      20   0       0      0      0 S   0,0   0,0   0:00.01 kthrea+
      3 root       0 -20       0      0      0 I   0,0   0,0   0:00.00 rcu_gp
      4 root       0 -20       0      0      0 I   0,0   0,0   0:00.00 rcu_pa+
--------------------------------
МиБ Mem :   1987,6 total,     76,5 free,   1724,5 used,    186,6 buff/cache
МиБ Swap:   1232,4 total,    578,8 free,    653,6 used.    109,4 avail Mem 
    PID USER      PR  NI    VIRT    RES    SHR S  %CPU  %MEM     TIME+ COMMAND
  65172 dmitri    20   0 1466780   1,4g   3208 R 100,0  71,8   0:25.32 bash

  65172 dmitri    20   0 1476812   1,4g   3208 R 100,0  72,3   0:25.49 bash
     88 root      20   0       0      0      0 S  12,5   0,0   6:12.20 kswapd0
  64348 dmitri    20   0 1068816  38368  22528 S   6,2   1,9   0:07.39 nautil+
      1 root      20   0  168840   3600   2696 S   0,0   0,2   0:08.56 systemd
      2 root      20   0       0      0      0 S   0,0   0,0   0:00.01 kthrea+
--------------------------------
МиБ Mem :   1987,6 total,     73,4 free,   1818,6 used,     95,6 buff/cache
МиБ Swap:   1232,4 total,    577,3 free,    655,1 used.     45,1 avail Mem 
    PID USER      PR  NI    VIRT    RES    SHR S  %CPU  %MEM     TIME+ COMMAND
  65172 dmitri    20   0 1563932   1,5g   3000 R 100,0  76,5   0:27.01 bash

  65172 dmitri    20   0 1571852   1,5g   3000 R 100,0  76,9   0:27.21 bash
     88 root      20   0       0      0      0 S   6,2   0,0   6:12.30 kswapd0
  64348 dmitri    20   0 1068816  28732  12892 S   6,2   1,4   0:07.42 nautil+
      1 root      20   0  168840   2748   1848 S   0,0   0,1   0:08.56 systemd
      2 root      20   0       0      0      0 S   0,0   0,0   0:00.01 kthrea+
--------------------------------
МиБ Mem :   1987,6 total,     79,2 free,   1852,8 used,     55,6 buff/cache
МиБ Swap:   1232,4 total,    516,2 free,    716,2 used.     33,2 avail Mem 
    PID USER      PR  NI    VIRT    RES    SHR S  %CPU  %MEM     TIME+ COMMAND
  65172 dmitri    20   0 1662932   1,6g    972 R 100,0  81,3   0:28.87 bash

  65172 dmitri    20   0 1674284   1,6g    972 R 100,0  81,9   0:29.05 bash
  65354 dmitri    20   0   11904   3524   3060 R   6,2   0,2   0:00.01 top
      1 root      20   0  168840    768    236 S   0,0   0,0   0:08.56 systemd
      2 root      20   0       0      0      0 S   0,0   0,0   0:00.01 kthrea+
      3 root       0 -20       0      0      0 I   0,0   0,0   0:00.00 rcu_gp
--------------------------------
МиБ Mem :   1987,6 total,     72,8 free,   1855,3 used,     59,5 buff/cache
МиБ Swap:   1232,4 total,    425,4 free,    807,0 used.     28,7 avail Mem 
    PID USER      PR  NI    VIRT    RES    SHR S  %CPU  %MEM     TIME+ COMMAND
  65172 dmitri    20   0 1757312   1,6g    972 R 100,0  83,3   0:30.57 bash

  65172 dmitri    20   0 1766552   1,6g    972 R  94,1  83,2   0:30.76 bash
     88 root      20   0       0      0      0 S  29,4   0,0   6:13.08 kswapd0
  62184 dmitri    20   0 4077812  21852   9276 S   5,9   1,1   0:33.83 gnome-+
      1 root      20   0  168840    636    236 S   0,0   0,0   0:08.56 systemd
      2 root      20   0       0      0      0 S   0,0   0,0   0:00.01 kthrea+
--------------------------------
МиБ Mem :   1987,6 total,     69,6 free,   1860,4 used,     57,6 buff/cache
МиБ Swap:   1232,4 total,    343,4 free,    889,0 used.     24,6 avail Mem 
    PID USER      PR  NI    VIRT    RES    SHR S  %CPU  %MEM     TIME+ COMMAND
  65172 dmitri    20   0 1845092   1,6g    972 R 100,0  83,5   0:32.27 bash

  65172 dmitri    20   0 1854200   1,6g    972 R  93,8  83,6   0:32.44 bash
     88 root      20   0       0      0      0 R  25,0   0,0   6:13.56 kswapd0
  64348 dmitri    20   0 1068816  10308   1812 S   6,2   0,5   0:07.51 nautil+
      1 root      20   0  168840    584    236 S   0,0   0,0   0:08.56 systemd
      2 root      20   0       0      0      0 S   0,0   0,0   0:00.01 kthrea+
--------------------------------
МиБ Mem :   1987,6 total,     69,1 free,   1863,4 used,     55,0 buff/cache
МиБ Swap:   1232,4 total,    259,9 free,    972,4 used.     22,8 avail Mem 
    PID USER      PR  NI    VIRT    RES    SHR S  %CPU  %MEM     TIME+ COMMAND
  65172 dmitri    20   0 1933136   1,6g    972 R  93,8  83,8   0:33.96 bash

  65172 dmitri    20   0 1941848   1,6g    972 R  88,2  83,5   0:34.15 bash
     88 root      20   0       0      0      0 R  29,4   0,0   6:14.05 kswapd0
      1 root      20   0  168840    548    236 S   0,0   0,0   0:08.56 systemd
      2 root      20   0       0      0      0 S   0,0   0,0   0:00.01 kthrea+
      3 root       0 -20       0      0      0 I   0,0   0,0   0:00.00 rcu_gp
--------------------------------
МиБ Mem :   1987,6 total,     75,5 free,   1855,3 used,     56,7 buff/cache
МиБ Swap:   1232,4 total,    165,3 free,   1067,1 used.     30,0 avail Mem 
    PID USER      PR  NI    VIRT    RES    SHR S  %CPU  %MEM     TIME+ COMMAND
  65172 dmitri    20   0 2016164   1,6g    972 R 100,0  83,3   0:35.66 bash

  65172 dmitri    20   0 2024612   1,6g    972 R 100,0  83,2   0:35.84 bash
     88 root      20   0       0      0      0 R  33,3   0,0   6:14.62 kswapd0
  64348 dmitri    20   0 1068948  10664   1972 S   6,7   0,5   0:07.57 nautil+
      1 root      20   0  168840    524    236 S   0,0   0,0   0:08.56 systemd
      2 root      20   0       0      0      0 S   0,0   0,0   0:00.01 kthrea+
--------------------------------
МиБ Mem :   1987,6 total,     72,6 free,   1856,5 used,     58,5 buff/cache
МиБ Swap:   1232,4 total,     78,4 free,   1154,0 used.     28,0 avail Mem 
    PID USER      PR  NI    VIRT    RES    SHR S  %CPU  %MEM     TIME+ COMMAND
  65172 dmitri    20   0 2102756   1,6g    972 R 100,0  83,3   0:37.35 bash

  65172 dmitri    20   0 2110940   1,6g    972 R 100,0  83,1   0:37.53 bash
     88 root      20   0       0      0      0 S  43,8   0,0   6:15.13 kswapd0
  61909 dmitri    20   0  528156   7976    668 S   6,2   0,4   0:11.14 Xorg
      1 root      20   0  168840    508    236 S   0,0   0,0   0:08.56 systemd
      2 root      20   0       0      0      0 S   0,0   0,0   0:00.01 kthrea+
--------------------------------
МиБ Mem :   1987,6 total,     72,8 free,   1866,3 used,     48,5 buff/cache
МиБ Swap:   1232,4 total,      0,0 free,   1232,4 used.     23,3 avail Mem 
    PID USER      PR  NI    VIRT    RES    SHR S  %CPU  %MEM     TIME+ COMMAND
  65172 dmitri    20   0 2193836   1,6g    480 R  93,8  84,2   0:39.06 bash

     88 root      20   0       0      0      0 R  83,3   0,0   6:15.81 kswapd0
  65172 dmitri    20   0 2201624   1,6g    468 R  72,2  84,5   0:39.28 bash
  64348 dmitri    20   0 1068948   9944   1076 D  22,2   0,5   0:07.71 nautil+
  62184 dmitri    20   0 4077812  17332   2708 D  16,7   0,9   0:33.96 gnome-+
  65414 dmitri    20   0   11904   1144    480 R   5,6   0,1   0:00.03 top
--------------------------------
Results: 
Max size of array:  28000000
