start: s
accept: ac
reject: rj
blank: _

s 0 -> ac 0 ^
s 1 -> s 1 <
s 2 -> s 2 <
s _ -> zero $ <

zero _ -> back 0 >

back $ -> back $ >
back 0 -> back 0 >
back 1 -> back 1 >
back 2 -> back 2 >
back _ -> dec _ <

dec 0 -> dec 2 <
dec 1 -> inc 0 <
dec 2 -> inc 1 <
dec $ -> backToClean $ >

inc 0 -> inc 0 <
inc 1 -> inc 1 <
inc 2 -> inc 2 <
inc e -> inc e <
inc $ -> add $ <

add 0 -> back 1 >
add 1 -> add 0 <
add _ -> back 1 >

backToClean 2 -> backToClean 2 >
backToClean _ -> clean _ <

clean 2 -> clean _ <
clean $ -> first _ <

first 0 -> first 0 <
first 1 -> first 1 <
first _ -> ac _ >
